[14:04:38.079][info] [#0:/home/rohan/.local/share/nvim/mason/packages/lua-language-server/libexec/main.lua:66]: Lua Lsp startup, root: 	/home/rohan/.local/share/nvim/mason/packages/lua-language-server/libexec
[14:04:38.079][info] [#0:/home/rohan/.local/share/nvim/mason/packages/lua-language-server/libexec/main.lua:67]: ROOT:	/home/rohan/.local/share/nvim/mason/packages/lua-language-server/libexec
[14:04:38.079][info] [#0:/home/rohan/.local/share/nvim/mason/packages/lua-language-server/libexec/main.lua:68]: LOGPATH:	/home/rohan/.local/share/nvim/mason/packages/lua-language-server/libexec/log
[14:04:38.079][info] [#0:/home/rohan/.local/share/nvim/mason/packages/lua-language-server/libexec/main.lua:69]: METAPATH:	/home/rohan/.local/share/nvim/mason/packages/lua-language-server/libexec/meta
[14:04:38.079][info] [#0:/home/rohan/.local/share/nvim/mason/packages/lua-language-server/libexec/main.lua:70]: VERSION:	3.7.4
[14:04:38.096][info] [#0:script/service/service.lua:144]: 
========= Medical Examination Report =========
    --------------- Memory ---------------
        Total: 1.345 MB
        # 00 : 1.345 MB
        # 01 : 0.000 MB
        # 02 : 0.000 MB
        # 03 : 0.000 MB
        # 04 : 0.000 MB
    --------------- Coroutine ---------------
        Total:     0
        Running:   0
        Suspended: 0
        Normal:    0
        Dead:      0
    --------------- Cache ---------------
        Total: 1
        Dead:  0
    ---------------  RPC  ---------------
        Holdon:   0
        Waiting:  0
==============================================
[14:04:38.098][info] [#0:script/client.lua:657]: Client init	{
  capabilities = {
    textDocument = {
      callHierarchy = {
        dynamicRegistration = false
      },
      codeAction = {
        codeActionLiteralSupport = {
          codeActionKind = {
            valueSet = { "", "quickfix", "refactor", "refactor.extract", "refactor.inline", "refactor.rewrite", "source", "source.organizeImports" }
          }
        },
        dataSupport = true,
        dynamicRegistration = false,
        isPreferredSupport = true,
        resolveSupport = {
          properties = { "edit" }
        }
      },
      completion = {
        completionItem = {
          commitCharactersSupport = true,
          deprecatedSupport = true,
          documentationFormat = { "markdown", "plaintext" },
          insertReplaceSupport = true,
          insertTextModeSupport = {
            valueSet = { 1, 2 }
          },
          labelDetailsSupport = true,
          preselectSupport = true,
          resolveSupport = {
            properties = { "documentation", "detail", "additionalTextEdits", "sortText", "filterText", "insertText", "textEdit", "insertTextFormat", "insertTextMode" }
          },
          snippetSupport = true,
          tagSupport = {
            valueSet = { 1 }
          }
        },
        completionItemKind = {
          valueSet = { 1, 2, 3, 4, 5, 6, 7, 8, 9, 10, 11, 12, 13, 14, 15, 16, 17, 18, 19, 20, 21, 22, 23, 24, 25 }
        },
        completionList = {
          itemDefaults = { "commitCharacters", "editRange", "insertTextFormat", "insertTextMode", "data" }
        },
        contextSupport = true,
        dynamicRegistration = false,
        insertTextMode = 1
      },
      declaration = {
        linkSupport = true
      },
      definition = {
        linkSupport = true
      },
      documentHighlight = {
        dynamicRegistration = false
      },
      documentSymbol = {
        dynamicRegistration = false,
        hierarchicalDocumentSymbolSupport = true,
        symbolKind = {
          valueSet = { 1, 2, 3, 4, 5, 6, 7, 8, 9, 10, 11, 12, 13, 14, 15, 16, 17, 18, 19, 20, 21, 22, 23, 24, 25, 26 }
        }
      },
      hover = {
        contentFormat = { "markdown", "plaintext" },
        dynamicRegistration = false
      },
      implementation = {
        linkSupport = true
      },
      publishDiagnostics = {
        relatedInformation = true,
        tagSupport = {
          valueSet = { 1, 2 }
        }
      },
      references = {
        dynamicRegistration = false
      },
      rename = {
        dynamicRegistration = false,
        prepareSupport = true
      },
      semanticTokens = {
        augmentsSyntaxTokens = true,
        dynamicRegistration = false,
        formats = { "relative" },
        multilineTokenSupport = false,
        overlappingTokenSupport = true,
        requests = {
          full = {
            delta = true
          },
          range = false
        },
        serverCancelSupport = false,
        tokenModifiers = { "declaration", "definition", "readonly", "static", "deprecated", "abstract", "async", "modification", "documentation", "defaultLibrary" },
        tokenTypes = { "namespace", "type", "class", "enum", "interface", "struct", "typeParameter", "parameter", "variable", "property", "enumMember", "event", "function", "method", "macro", "keyword", "modifier", "comment", "string", "number", "regexp", "operator", "decorator" }
      },
      signatureHelp = {
        dynamicRegistration = false,
        signatureInformation = {
          activeParameterSupport = true,
          documentationFormat = { "markdown", "plaintext" },
          parameterInformation = {
            labelOffsetSupport = true
          }
        }
      },
      synchronization = {
        didSave = true,
        dynamicRegistration = false,
        willSave = true,
        willSaveWaitUntil = true
      },
      typeDefinition = {
        linkSupport = true
      }
    },
    window = {
      showDocument = {
        support = true
      },
      showMessage = {
        messageActionItem = {
          additionalPropertiesSupport = false
        }
      },
      workDoneProgress = true
    },
    workspace = {
      applyEdit = true,
      configuration = true,
      didChangeWatchedFiles = {
        dynamicRegistration = false,
        relativePatternSupport = true
      },
      semanticTokens = {
        refreshSupport = true
      },
      symbol = {
        dynamicRegistration = false,
        hierarchicalWorkspaceSymbolSupport = true,
        symbolKind = {
          valueSet = { 1, 2, 3, 4, 5, 6, 7, 8, 9, 10, 11, 12, 13, 14, 15, 16, 17, 18, 19, 20, 21, 22, 23, 24, 25, 26 }
        }
      },
      workspaceEdit = {
        resourceOperations = { "rename", "create", "delete" }
      },
      workspaceFolders = true
    }
  },
  clientInfo = {
    name = "Neovim",
    version = "0.9.5"
  },
  initializationOptions = {},
  processId = 7070,
  rootPath = "/home/rohan/dots/nvim",
  rootUri = "file:///home/rohan/dots/nvim",
  trace = "off",
  workspaceFolders = { {
      name = "/home/rohan/dots/nvim",
      uri = "file:///home/rohan/dots/nvim"
    } }
}
[14:04:38.098][info] [#0:script/language.lua:137]: VSC language: nil
[14:04:38.098][info] [#0:script/language.lua:138]: LS  language: en-us
[14:04:38.098][info] [#0:script/workspace/workspace.lua:38]: Workspace init root: 	file:///home/rohan/dots/nvim
[14:04:38.099][info] [#0:script/workspace/workspace.lua:42]: Log path: 	/home/rohan/.local/share/nvim/mason/packages/lua-language-server/libexec/log/file_home_rohan_dots_nvim.log
[14:04:38.099][info] [#0:script/workspace/workspace.lua:48]: Workspace create: 	file:///home/rohan/dots/nvim
[14:04:38.300][warn] [#0:script/config/loader.lua:116]: No config?	{}
[14:04:38.401][warn] [#0:script/config/loader.lua:116]: No config?	{}
[14:04:38.401][info] [#0:script/provider/provider.lua:61]: Load config from client	fallback
[14:04:38.401][info] [#0:script/provider/provider.lua:62]: nil
[14:04:38.502][info] [#0:script/library.lua:212]: Init builtin library at:	file:///home/rohan/dots/nvim
[14:04:38.593][info] [#0:script/plugin.lua:86]: plugin path:	/home/rohan/dots/nvim
[14:04:38.593][warn] [#0:script/plugin.lua:101]: plugin not found:	/home/rohan/dots/nvim
[14:04:38.593][info] [#0:script/library.lua:212]: Init builtin library at:	nil
[14:04:38.699][info] [#0:script/workspace/workspace.lua:324]: Preload start:	file:///home/rohan/dots/nvim
[14:04:38.705][info] [#0:script/workspace/workspace.lua:330]: Scan files at:	file:///home/rohan/dots/nvim
[14:04:38.705][info] [#0:script/workspace/workspace.lua:324]: Preload start:	<fallback>
[14:04:38.706][info] [#0:script/workspace/workspace.lua:353]: Scan library at:	file:///home/rohan/.local/share/nvim/mason/packages/lua-language-server/libexec/meta/Lua%205.4%20en-us%20utf8/math.lua
[14:04:38.706][info] [#0:script/workspace/workspace.lua:353]: Scan library at:	file:///home/rohan/.local/share/nvim/mason/packages/lua-language-server/libexec/meta/Lua%205.4%20en-us%20utf8/basic.lua
[14:04:38.706][info] [#0:script/workspace/workspace.lua:353]: Scan library at:	file:///home/rohan/.local/share/nvim/mason/packages/lua-language-server/libexec/meta/Lua%205.4%20en-us%20utf8/package.lua
[14:04:38.706][info] [#0:script/workspace/workspace.lua:353]: Scan library at:	file:///home/rohan/.local/share/nvim/mason/packages/lua-language-server/libexec/meta/Lua%205.4%20en-us%20utf8/debug.lua
[14:04:38.706][info] [#0:script/workspace/workspace.lua:353]: Scan library at:	file:///home/rohan/.local/share/nvim/mason/packages/lua-language-server/libexec/meta/Lua%205.4%20en-us%20utf8/coroutine.lua
[14:04:38.706][info] [#0:script/workspace/workspace.lua:353]: Scan library at:	file:///home/rohan/.local/share/nvim/mason/packages/lua-language-server/libexec/meta/Lua%205.4%20en-us%20utf8/os.lua
[14:04:38.706][info] [#0:script/workspace/workspace.lua:353]: Scan library at:	file:///home/rohan/.local/share/nvim/mason/packages/lua-language-server/libexec/meta/Lua%205.4%20en-us%20utf8/utf8.lua
[14:04:38.706][info] [#0:script/workspace/workspace.lua:353]: Scan library at:	file:///home/rohan/.local/share/nvim/mason/packages/lua-language-server/libexec/meta/Lua%205.4%20en-us%20utf8/builtin.lua
[14:04:38.706][info] [#0:script/workspace/workspace.lua:353]: Scan library at:	file:///home/rohan/.local/share/nvim/mason/packages/lua-language-server/libexec/meta/Lua%205.4%20en-us%20utf8/table.lua
[14:04:38.707][info] [#0:script/workspace/workspace.lua:353]: Scan library at:	file:///home/rohan/.local/share/nvim/mason/packages/lua-language-server/libexec/meta/Lua%205.4%20en-us%20utf8/math.lua
[14:04:38.707][info] [#0:script/workspace/workspace.lua:353]: Scan library at:	file:///home/rohan/.local/share/nvim/mason/packages/lua-language-server/libexec/meta/Lua%205.4%20en-us%20utf8/string.lua
[14:04:38.707][info] [#0:script/workspace/workspace.lua:353]: Scan library at:	file:///home/rohan/.local/share/nvim/mason/packages/lua-language-server/libexec/meta/Lua%205.4%20en-us%20utf8/basic.lua
[14:04:38.707][info] [#0:script/workspace/workspace.lua:353]: Scan library at:	file:///home/rohan/.local/share/nvim/mason/packages/lua-language-server/libexec/meta/Lua%205.4%20en-us%20utf8/io.lua
[14:04:38.707][info] [#0:script/workspace/workspace.lua:353]: Scan library at:	file:///home/rohan/.local/share/nvim/mason/packages/lua-language-server/libexec/meta/Lua%205.4%20en-us%20utf8/package.lua
[14:04:38.707][info] [#0:script/workspace/workspace.lua:353]: Scan library at:	file:///home/rohan/.local/share/nvim/mason/packages/lua-language-server/libexec/meta/Lua%205.4%20en-us%20utf8/debug.lua
[14:04:38.707][info] [#0:script/workspace/workspace.lua:353]: Scan library at:	file:///home/rohan/.local/share/nvim/mason/packages/lua-language-server/libexec/meta/Lua%205.4%20en-us%20utf8/coroutine.lua
[14:04:38.707][info] [#0:script/workspace/workspace.lua:353]: Scan library at:	file:///home/rohan/.local/share/nvim/mason/packages/lua-language-server/libexec/meta/Lua%205.4%20en-us%20utf8/os.lua
[14:04:38.707][info] [#0:script/workspace/workspace.lua:353]: Scan library at:	file:///home/rohan/.local/share/nvim/mason/packages/lua-language-server/libexec/meta/Lua%205.4%20en-us%20utf8/utf8.lua
[14:04:38.707][info] [#0:script/workspace/workspace.lua:353]: Scan library at:	file:///home/rohan/.local/share/nvim/mason/packages/lua-language-server/libexec/meta/Lua%205.4%20en-us%20utf8/builtin.lua
[14:04:38.707][info] [#0:script/workspace/workspace.lua:353]: Scan library at:	file:///home/rohan/.local/share/nvim/mason/packages/lua-language-server/libexec/meta/Lua%205.4%20en-us%20utf8/table.lua
[14:04:38.707][info] [#0:script/workspace/workspace.lua:353]: Scan library at:	file:///home/rohan/.local/share/nvim/mason/packages/lua-language-server/libexec/meta/Lua%205.4%20en-us%20utf8/string.lua
[14:04:38.707][info] [#0:script/workspace/workspace.lua:353]: Scan library at:	file:///home/rohan/.local/share/nvim/mason/packages/lua-language-server/libexec/meta/Lua%205.4%20en-us%20utf8/io.lua
[14:04:38.807][info] [#0:script/workspace/workspace.lua:379]: Found 11 files at:	<fallback>
[14:04:38.807][info] [#0:script/workspace/loading.lua:161]: Load files from disk:	<fallback>
[14:04:38.807][info] [#0:script/workspace/workspace.lua:379]: Found 20 files at:	file:///home/rohan/dots/nvim
[14:04:38.807][info] [#0:script/workspace/loading.lua:161]: Load files from disk:	file:///home/rohan/dots/nvim
[14:04:38.808][info] [#0:script/workspace/loading.lua:89]: Skip loaded file: file:///home/rohan/dots/nvim/lua/rohan/packer.lua
[14:04:38.909][info] [#0:script/workspace/loading.lua:101]: Preload file at: file:///home/rohan/.local/share/nvim/mason/packages/lua-language-server/libexec/meta/Lua%205.4%20en-us%20utf8/io.lua , size = 6.364 KB
[14:04:38.915][info] [#0:script/workspace/loading.lua:113]: ++++As library of:	file:///home/rohan/.local/share/nvim/mason/packages/lua-language-server/libexec/meta/Lua%205.4%20en-us%20utf8/io.lua
[14:04:38.915][info] [#0:script/workspace/loading.lua:98]: Skip loaded file: file:///home/rohan/.local/share/nvim/mason/packages/lua-language-server/libexec/meta/Lua%205.4%20en-us%20utf8/io.lua
[14:04:38.915][info] [#0:script/workspace/loading.lua:101]: Preload file at: file:///home/rohan/.local/share/nvim/mason/packages/lua-language-server/libexec/meta/Lua%205.4%20en-us%20utf8/string.lua , size = 6.341 KB
[14:04:38.919][info] [#0:script/workspace/loading.lua:113]: ++++As library of:	file:///home/rohan/.local/share/nvim/mason/packages/lua-language-server/libexec/meta/Lua%205.4%20en-us%20utf8/string.lua
[14:04:38.919][info] [#0:script/workspace/loading.lua:98]: Skip loaded file: file:///home/rohan/.local/share/nvim/mason/packages/lua-language-server/libexec/meta/Lua%205.4%20en-us%20utf8/string.lua
[14:04:38.919][info] [#0:script/workspace/loading.lua:101]: Preload file at: file:///home/rohan/.local/share/nvim/mason/packages/lua-language-server/libexec/meta/Lua%205.4%20en-us%20utf8/table.lua , size = 4.230 KB
[14:04:38.920][info] [#0:script/workspace/loading.lua:113]: ++++As library of:	file:///home/rohan/.local/share/nvim/mason/packages/lua-language-server/libexec/meta/Lua%205.4%20en-us%20utf8/table.lua
[14:04:38.920][info] [#0:script/workspace/loading.lua:98]: Skip loaded file: file:///home/rohan/.local/share/nvim/mason/packages/lua-language-server/libexec/meta/Lua%205.4%20en-us%20utf8/table.lua
[14:04:38.920][info] [#0:script/workspace/loading.lua:101]: Preload file at: file:///home/rohan/.local/share/nvim/mason/packages/lua-language-server/libexec/meta/Lua%205.4%20en-us%20utf8/builtin.lua , size = 0.302 KB
[14:04:38.921][info] [#0:script/workspace/loading.lua:113]: ++++As library of:	file:///home/rohan/.local/share/nvim/mason/packages/lua-language-server/libexec/meta/Lua%205.4%20en-us%20utf8/builtin.lua
[14:04:38.921][info] [#0:script/workspace/loading.lua:98]: Skip loaded file: file:///home/rohan/.local/share/nvim/mason/packages/lua-language-server/libexec/meta/Lua%205.4%20en-us%20utf8/builtin.lua
[14:04:38.921][info] [#0:script/workspace/loading.lua:101]: Preload file at: file:///home/rohan/.local/share/nvim/mason/packages/lua-language-server/libexec/meta/Lua%205.4%20en-us%20utf8/utf8.lua , size = 2.386 KB
[14:04:38.922][info] [#0:script/workspace/loading.lua:113]: ++++As library of:	file:///home/rohan/.local/share/nvim/mason/packages/lua-language-server/libexec/meta/Lua%205.4%20en-us%20utf8/utf8.lua
[14:04:38.922][info] [#0:script/workspace/loading.lua:98]: Skip loaded file: file:///home/rohan/.local/share/nvim/mason/packages/lua-language-server/libexec/meta/Lua%205.4%20en-us%20utf8/utf8.lua
[14:04:38.922][info] [#0:script/workspace/loading.lua:101]: Preload file at: file:///home/rohan/.local/share/nvim/mason/packages/lua-language-server/libexec/meta/Lua%205.4%20en-us%20utf8/os.lua , size = 5.600 KB
[14:04:38.924][info] [#0:script/workspace/loading.lua:113]: ++++As library of:	file:///home/rohan/.local/share/nvim/mason/packages/lua-language-server/libexec/meta/Lua%205.4%20en-us%20utf8/os.lua
[14:04:38.924][info] [#0:script/workspace/loading.lua:98]: Skip loaded file: file:///home/rohan/.local/share/nvim/mason/packages/lua-language-server/libexec/meta/Lua%205.4%20en-us%20utf8/os.lua
[14:04:38.924][info] [#0:script/workspace/loading.lua:101]: Preload file at: file:///home/rohan/.local/share/nvim/mason/packages/lua-language-server/libexec/meta/Lua%205.4%20en-us%20utf8/coroutine.lua , size = 2.590 KB
[14:04:38.925][info] [#0:script/workspace/loading.lua:113]: ++++As library of:	file:///home/rohan/.local/share/nvim/mason/packages/lua-language-server/libexec/meta/Lua%205.4%20en-us%20utf8/coroutine.lua
[14:04:38.925][info] [#0:script/workspace/loading.lua:98]: Skip loaded file: file:///home/rohan/.local/share/nvim/mason/packages/lua-language-server/libexec/meta/Lua%205.4%20en-us%20utf8/coroutine.lua
[14:04:38.925][info] [#0:script/workspace/loading.lua:101]: Preload file at: file:///home/rohan/.local/share/nvim/mason/packages/lua-language-server/libexec/meta/Lua%205.4%20en-us%20utf8/debug.lua , size = 7.637 KB
[14:04:38.928][info] [#0:script/workspace/loading.lua:113]: ++++As library of:	file:///home/rohan/.local/share/nvim/mason/packages/lua-language-server/libexec/meta/Lua%205.4%20en-us%20utf8/debug.lua
[14:04:38.928][info] [#0:script/workspace/loading.lua:98]: Skip loaded file: file:///home/rohan/.local/share/nvim/mason/packages/lua-language-server/libexec/meta/Lua%205.4%20en-us%20utf8/debug.lua
[14:04:38.928][info] [#0:script/workspace/loading.lua:101]: Preload file at: file:///home/rohan/.local/share/nvim/mason/packages/lua-language-server/libexec/meta/Lua%205.4%20en-us%20utf8/package.lua , size = 2.944 KB
[14:04:38.929][info] [#0:script/workspace/loading.lua:113]: ++++As library of:	file:///home/rohan/.local/share/nvim/mason/packages/lua-language-server/libexec/meta/Lua%205.4%20en-us%20utf8/package.lua
[14:04:38.929][info] [#0:script/workspace/loading.lua:98]: Skip loaded file: file:///home/rohan/.local/share/nvim/mason/packages/lua-language-server/libexec/meta/Lua%205.4%20en-us%20utf8/package.lua
[14:04:38.929][info] [#0:script/workspace/loading.lua:101]: Preload file at: file:///home/rohan/.local/share/nvim/mason/packages/lua-language-server/libexec/meta/Lua%205.4%20en-us%20utf8/basic.lua , size = 15.377 KB
[14:04:38.934][info] [#0:script/workspace/loading.lua:113]: ++++As library of:	file:///home/rohan/.local/share/nvim/mason/packages/lua-language-server/libexec/meta/Lua%205.4%20en-us%20utf8/basic.lua
[14:04:38.934][info] [#0:script/workspace/loading.lua:98]: Skip loaded file: file:///home/rohan/.local/share/nvim/mason/packages/lua-language-server/libexec/meta/Lua%205.4%20en-us%20utf8/basic.lua
[14:04:38.935][info] [#0:script/workspace/loading.lua:101]: Preload file at: file:///home/rohan/.local/share/nvim/mason/packages/lua-language-server/libexec/meta/Lua%205.4%20en-us%20utf8/math.lua , size = 8.509 KB
[14:04:38.937][info] [#0:script/workspace/loading.lua:113]: ++++As library of:	file:///home/rohan/.local/share/nvim/mason/packages/lua-language-server/libexec/meta/Lua%205.4%20en-us%20utf8/math.lua
[14:04:38.937][info] [#0:script/workspace/loading.lua:98]: Skip loaded file: file:///home/rohan/.local/share/nvim/mason/packages/lua-language-server/libexec/meta/Lua%205.4%20en-us%20utf8/math.lua
[14:04:38.937][info] [#0:script/workspace/loading.lua:101]: Preload file at: file:///home/rohan/dots/nvim/after/plugin/telescope.lua , size = 0.267 KB
[14:04:38.937][info] [#0:script/workspace/loading.lua:101]: Preload file at: file:///home/rohan/dots/nvim/after/plugin/lsp.lua , size = 0.243 KB
[14:04:38.938][info] [#0:script/workspace/loading.lua:101]: Preload file at: file:///home/rohan/dots/nvim/after/plugin/vimtex.lua , size = 0.002 KB
[14:04:38.938][info] [#0:script/workspace/loading.lua:101]: Preload file at: file:///home/rohan/dots/nvim/after/plugin/treesitter.lua , size = 1.025 KB
[14:04:38.938][info] [#0:script/workspace/loading.lua:101]: Preload file at: file:///home/rohan/dots/nvim/init.lua , size = 0.018 KB
[14:04:38.938][info] [#0:script/workspace/loading.lua:101]: Preload file at: file:///home/rohan/dots/nvim/lua/rohan/init.lua , size = 0.047 KB
[14:04:38.938][info] [#0:script/workspace/loading.lua:101]: Preload file at: file:///home/rohan/dots/nvim/lua/rohan/remap.lua , size = 0.066 KB
[14:04:38.938][info] [#0:script/workspace/loading.lua:101]: Preload file at: file:///home/rohan/dots/nvim/plugin/packer_compiled.lua , size = 5.719 KB
[14:04:39.040][info] [#0:script/workspace/loading.lua:173]: Loaded files takes [0.037] sec: <fallback>
[14:04:39.040][info] [#0:script/workspace/loading.lua:182]: Compile files takes [0.000] sec: <fallback>
[14:04:39.040][info] [#0:script/workspace/loading.lua:183]: Loaded finish:	<fallback>
[14:04:39.040][info] [#0:script/workspace/workspace.lua:381]: Preload finish at:	<fallback>
[14:04:39.045][info] [#0:script/workspace/loading.lua:173]: Loaded files takes [0.042] sec: file:///home/rohan/dots/nvim
[14:04:39.045][info] [#0:script/workspace/loading.lua:182]: Compile files takes [0.000] sec: file:///home/rohan/dots/nvim
[14:04:39.045][info] [#0:script/workspace/loading.lua:183]: Loaded finish:	file:///home/rohan/dots/nvim
[14:04:39.045][info] [#0:script/workspace/workspace.lua:381]: Preload finish at:	file:///home/rohan/dots/nvim
[14:04:39.049][info] [#0:script/provider/diagnostic.lua:557]: Diagnostics scope [file:///home/rohan/dots/nvim], files count:[20]
[14:04:39.073][info] [#0:script/provider/diagnostic.lua:574]: Diagnostics scope [file:///home/rohan/dots/nvim] finished, takes [0.024] sec.
[14:11:44.068][info] [#0:script/provider/provider.lua:169]: Server shutdown.
[14:11:44.169][info] [#0:script/provider/provider.lua:162]: Server exited.
